三月 18, 2020 1:00:14 上午 org.apache.catalina.startup.VersionLoggerListener log
信息: Server version:        Apache Tomcat/7.0.73
三月 18, 2020 1:00:14 上午 org.apache.catalina.startup.VersionLoggerListener log
信息: Server built:          Nov 7 2016 21:27:23 UTC
三月 18, 2020 1:00:14 上午 org.apache.catalina.startup.VersionLoggerListener log
信息: Server number:         7.0.73.0
三月 18, 2020 1:00:14 上午 org.apache.catalina.startup.VersionLoggerListener log
信息: OS Name:               Windows 10
三月 18, 2020 1:00:14 上午 org.apache.catalina.startup.VersionLoggerListener log
信息: OS Version:            10.0
三月 18, 2020 1:00:14 上午 org.apache.catalina.startup.VersionLoggerListener log
信息: Architecture:          amd64
三月 18, 2020 1:00:14 上午 org.apache.catalina.startup.VersionLoggerListener log
信息: Java Home:             C:\Program Files\Java\jdk1.8.0_66\jre
三月 18, 2020 1:00:14 上午 org.apache.catalina.startup.VersionLoggerListener log
信息: JVM Version:           1.8.0_66-b17
三月 18, 2020 1:00:14 上午 org.apache.catalina.startup.VersionLoggerListener log
信息: JVM Vendor:            Oracle Corporation
三月 18, 2020 1:00:14 上午 org.apache.catalina.startup.VersionLoggerListener log
信息: CATALINA_BASE:         F:\STSWorkSpace\jt\tomcat-dubbo
三月 18, 2020 1:00:14 上午 org.apache.catalina.startup.VersionLoggerListener log
信息: CATALINA_HOME:         F:\STSWorkSpace\jt\tomcat-dubbo
三月 18, 2020 1:00:14 上午 org.apache.catalina.startup.VersionLoggerListener log
信息: Command line argument: -Djdk.tls.ephemeralDHKeySize=2048
三月 18, 2020 1:00:14 上午 org.apache.catalina.startup.VersionLoggerListener log
信息: Command line argument: -Djava.util.logging.config.file=F:\STSWorkSpace\jt\tomcat-dubbo\conf\logging.properties
三月 18, 2020 1:00:14 上午 org.apache.catalina.startup.VersionLoggerListener log
信息: Command line argument: -Djava.util.logging.manager=org.apache.juli.ClassLoaderLogManager
三月 18, 2020 1:00:14 上午 org.apache.catalina.startup.VersionLoggerListener log
信息: Command line argument: -Djava.endorsed.dirs=F:\STSWorkSpace\jt\tomcat-dubbo\endorsed
三月 18, 2020 1:00:14 上午 org.apache.catalina.startup.VersionLoggerListener log
信息: Command line argument: -Dcatalina.base=F:\STSWorkSpace\jt\tomcat-dubbo
三月 18, 2020 1:00:14 上午 org.apache.catalina.startup.VersionLoggerListener log
信息: Command line argument: -Dcatalina.home=F:\STSWorkSpace\jt\tomcat-dubbo
三月 18, 2020 1:00:14 上午 org.apache.catalina.startup.VersionLoggerListener log
信息: Command line argument: -Djava.io.tmpdir=F:\STSWorkSpace\jt\tomcat-dubbo\temp
三月 18, 2020 1:00:14 上午 org.apache.catalina.core.AprLifecycleListener lifecycleEvent
信息: The APR based Apache Tomcat Native library which allows optimal performance in production environments was not found on the java.library.path: C:\Program Files\Java\jdk1.8.0_66\bin;C:\WINDOWS\Sun\Java\bin;C:\WINDOWS\system32;C:\WINDOWS;C:\ProgramData\Oracle\Java\javapath;C:\WINDOWS\system32;C:\WINDOWS;C:\WINDOWS\System32\Wbem;C:\WINDOWS\System32\WindowsPowerShell\v1.0\;C:\WINDOWS\System32\OpenSSH\;C:\Users\xiaoc\AppData\Local\Microsoft\WindowsApps;"C:\Program Files\Java\jdk1.8.0_66\jre\bin;";"C:\Program Files\Java\jdk1.8.0_66\bin;";F:\apache-maven-3.6.3-bin\apache-maven-3.6.3\bin;Path=%MYSQL_HOME%\bin;;.
三月 18, 2020 1:00:16 上午 org.apache.coyote.AbstractProtocol init
信息: Initializing ProtocolHandler ["http-bio-8090"]
三月 18, 2020 1:00:16 上午 org.apache.coyote.AbstractProtocol init
信息: Initializing ProtocolHandler ["ajp-bio-8009"]
三月 18, 2020 1:00:16 上午 org.apache.catalina.startup.Catalina load
信息: Initialization processed in 4747 ms
三月 18, 2020 1:00:16 上午 org.apache.catalina.core.StandardService startInternal
信息: Starting service Catalina
三月 18, 2020 1:00:16 上午 org.apache.catalina.core.StandardEngine startInternal
信息: Starting Servlet Engine: Apache Tomcat/7.0.73
三月 18, 2020 1:00:17 上午 org.apache.catalina.startup.HostConfig deployDirectory
信息: Deploying web application directory F:\STSWorkSpace\jt\tomcat-dubbo\webapps\docs
三月 18, 2020 1:00:20 上午 org.apache.catalina.util.SessionIdGeneratorBase createSecureRandom
信息: Creation of SecureRandom instance for session ID generation using [SHA1PRNG] took [485] milliseconds.
三月 18, 2020 1:00:20 上午 org.apache.catalina.startup.HostConfig deployDirectory
信息: Deployment of web application directory F:\STSWorkSpace\jt\tomcat-dubbo\webapps\docs has finished in 3,203 ms
三月 18, 2020 1:00:20 上午 org.apache.catalina.startup.HostConfig deployDirectory
信息: Deploying web application directory F:\STSWorkSpace\jt\tomcat-dubbo\webapps\examples
三月 18, 2020 1:00:22 上午 org.apache.catalina.startup.HostConfig deployDirectory
信息: Deployment of web application directory F:\STSWorkSpace\jt\tomcat-dubbo\webapps\examples has finished in 1,784 ms
三月 18, 2020 1:00:22 上午 org.apache.catalina.startup.HostConfig deployDirectory
信息: Deploying web application directory F:\STSWorkSpace\jt\tomcat-dubbo\webapps\host-manager
三月 18, 2020 1:00:22 上午 org.apache.catalina.startup.HostConfig deployDirectory
信息: Deployment of web application directory F:\STSWorkSpace\jt\tomcat-dubbo\webapps\host-manager has finished in 299 ms
三月 18, 2020 1:00:22 上午 org.apache.catalina.startup.HostConfig deployDirectory
信息: Deploying web application directory F:\STSWorkSpace\jt\tomcat-dubbo\webapps\manager
三月 18, 2020 1:00:22 上午 org.apache.catalina.startup.HostConfig deployDirectory
信息: Deployment of web application directory F:\STSWorkSpace\jt\tomcat-dubbo\webapps\manager has finished in 187 ms
三月 18, 2020 1:00:22 上午 org.apache.catalina.startup.HostConfig deployDirectory
信息: Deploying web application directory F:\STSWorkSpace\jt\tomcat-dubbo\webapps\ROOT
三月 18, 2020 1:00:37 上午 org.apache.catalina.startup.TldConfig execute
信息: At least one JAR was scanned for TLDs yet contained no TLDs. Enable debug logging for this logger for a complete list of JARs that were scanned but no TLDs were found in them. Skipping unneeded JARs during scanning can improve startup time and JSP compilation time.
三月 18, 2020 1:01:15 上午 org.apache.catalina.startup.HostConfig deployDirectory
信息: Deployment of web application directory F:\STSWorkSpace\jt\tomcat-dubbo\webapps\ROOT has finished in 53,024 ms
三月 18, 2020 1:01:16 上午 org.apache.coyote.AbstractProtocol start
信息: Starting ProtocolHandler ["http-bio-8090"]
三月 18, 2020 1:01:16 上午 org.apache.coyote.AbstractProtocol start
信息: Starting ProtocolHandler ["ajp-bio-8009"]
三月 18, 2020 1:01:16 上午 org.apache.catalina.startup.Catalina start
信息: Server startup in 60577 ms
