三月 18, 2020 1:00:21 上午 org.apache.catalina.core.ApplicationContext log
信息: ContextListener: contextInitialized()
三月 18, 2020 1:00:21 上午 org.apache.catalina.core.ApplicationContext log
信息: SessionListener: contextInitialized()
三月 18, 2020 1:00:22 上午 org.apache.catalina.core.ApplicationContext log
信息: ContextListener: attributeAdded('org.apache.jasper.compiler.TldLocationsCache', 'org.apache.jasper.compiler.TldLocationsCache@1459d883')
三月 18, 2020 1:00:37 上午 org.apache.catalina.core.ApplicationContext log
信息: No Spring WebApplicationInitializer types detected on classpath
三月 18, 2020 1:00:37 上午 org.apache.catalina.core.ApplicationContext log
信息: Initializing log4j system
三月 18, 2020 1:00:38 上午 org.apache.catalina.core.ApplicationContext log
信息: Initializing Spring root WebApplicationContext
三月 18, 2020 1:00:57 上午 org.apache.catalina.core.ApplicationContext log
信息: Initializing Spring sub WebApplicationContext: sysmanage
三月 18, 2020 1:01:03 上午 org.apache.catalina.core.ApplicationContext log
信息: Initializing Spring sub WebApplicationContext: sysinfo
三月 18, 2020 1:01:05 上午 org.apache.catalina.core.ApplicationContext log
信息: Initializing Spring sub WebApplicationContext: personal
三月 18, 2020 1:01:07 上午 org.apache.catalina.core.ApplicationContext log
信息: Initializing Spring sub WebApplicationContext: governance
三月 18, 2020 1:01:10 上午 org.apache.catalina.core.ApplicationContext log
信息: Initializing Spring sub WebApplicationContext: home
三月 18, 2020 1:01:15 上午 org.apache.catalina.core.ApplicationContext log
信息: WebxComponents: initialization completed
三月 18, 2020 1:01:15 上午 org.apache.catalina.core.ApplicationContext log
信息: Initializing filter: webx
三月 18, 2020 1:01:15 上午 org.apache.catalina.core.ApplicationContext log
信息: WebxFrameworkFilter - webx: initialization completed
三月 18, 2020 1:01:15 上午 org.apache.catalina.core.ApplicationContext log
信息: Initializing filter: mdc
三月 18, 2020 1:01:15 上午 org.apache.catalina.core.ApplicationContext log
信息: SetLoggingContextFilter - mdc: initialization completed
